 11-06-2024 08:13:14:954 [pid=1197 tid=1197] ERROR  0:140 unable to load,  liburcu-bp.so.6 

 11-06-2024 08:13:14:955 [pid=1197 tid=1197] ERROR  0:140 unable to load,  liburcu-bp.so.1 

 11-06-2024 08:13:14:955 [pid=1197 tid=1197] WARN   0:183 /dev/nvidia-fs0 open failed. error: No such file or directory
 11-06-2024 08:13:14:955 [pid=1197 tid=1197] NOTICE  cufio-drv:720 running in compatible mode
 11-06-2024 08:13:20:192 [pid=1197 tid=1197] ERROR  0:140 unable to load,  libnuma.so.1.0.0 

 11-06-2024 08:13:20:192 [pid=1197 tid=1197] ERROR  0:91 dlopen error libnuma.so.1.0.0: cannot open shared object file: No such file or directory
 11-06-2024 08:13:28:702 [pid=5179 tid=5179] ERROR  0:140 unable to load,  liburcu-bp.so.6 

 11-06-2024 08:13:28:706 [pid=5179 tid=5179] ERROR  0:140 unable to load,  liburcu-bp.so.1 

 11-06-2024 08:13:28:707 [pid=5179 tid=5179] WARN   0:183 /dev/nvidia-fs0 open failed. error: No such file or directory
 11-06-2024 08:13:28:707 [pid=5179 tid=5179] NOTICE  cufio-drv:720 running in compatible mode
 11-06-2024 08:13:33:833 [pid=5179 tid=5179] ERROR  0:140 unable to load,  libnuma.so.1.0.0 

 11-06-2024 08:13:33:833 [pid=5179 tid=5179] ERROR  0:91 dlopen error libnuma.so.1.0.0: cannot open shared object file: No such file or directory
 11-06-2024 09:06:41:999 [pid=33591 tid=33591] ERROR  0:140 unable to load,  liburcu-bp.so.6 

 11-06-2024 09:06:41:999 [pid=33591 tid=33591] ERROR  0:140 unable to load,  liburcu-bp.so.1 

 11-06-2024 09:06:41:999 [pid=33591 tid=33591] WARN   0:183 /dev/nvidia-fs0 open failed. error: No such file or directory
 11-06-2024 09:06:41:999 [pid=33591 tid=33591] NOTICE  cufio-drv:720 running in compatible mode
 11-06-2024 09:06:47:217 [pid=33591 tid=33591] ERROR  0:140 unable to load,  libnuma.so.1.0.0 

 11-06-2024 09:06:47:217 [pid=33591 tid=33591] ERROR  0:91 dlopen error libnuma.so.1.0.0: cannot open shared object file: No such file or directory
 11-06-2024 12:04:25:719 [pid=8582 tid=8582] ERROR  0:140 unable to load,  liburcu-bp.so.6 

 11-06-2024 12:04:25:719 [pid=8582 tid=8582] ERROR  0:140 unable to load,  liburcu-bp.so.1 

 11-06-2024 12:04:25:719 [pid=8582 tid=8582] WARN   0:183 /dev/nvidia-fs0 open failed. error: No such file or directory
 11-06-2024 12:04:25:719 [pid=8582 tid=8582] NOTICE  cufio-drv:720 running in compatible mode
 11-06-2024 12:04:42:122 [pid=8582 tid=8582] ERROR  0:140 unable to load,  libnuma.so.1.0.0 

 11-06-2024 12:04:42:122 [pid=8582 tid=8582] ERROR  0:91 dlopen error libnuma.so.1.0.0: cannot open shared object file: No such file or directory
 12-06-2024 02:49:34:133 [pid=12944 tid=12944] ERROR  0:140 unable to load,  liburcu-bp.so.6 

 12-06-2024 02:49:34:133 [pid=12944 tid=12944] ERROR  0:140 unable to load,  liburcu-bp.so.1 

 12-06-2024 02:49:34:133 [pid=12944 tid=12944] WARN   0:183 /dev/nvidia-fs0 open failed. error: No such file or directory
 12-06-2024 02:49:34:133 [pid=12944 tid=12944] NOTICE  cufio-drv:720 running in compatible mode
 12-06-2024 02:49:39:235 [pid=12944 tid=12944] ERROR  0:140 unable to load,  libnuma.so.1.0.0 

 12-06-2024 02:49:39:235 [pid=12944 tid=12944] ERROR  0:91 dlopen error libnuma.so.1.0.0: cannot open shared object file: No such file or directory
 12-06-2024 03:35:51:274 [pid=8500 tid=8500] ERROR  0:140 unable to load,  liburcu-bp.so.6 

 12-06-2024 03:35:51:274 [pid=8500 tid=8500] ERROR  0:140 unable to load,  liburcu-bp.so.1 

 12-06-2024 03:35:51:274 [pid=8500 tid=8500] WARN   0:183 /dev/nvidia-fs0 open failed. error: No such file or directory
 12-06-2024 03:35:51:274 [pid=8500 tid=8500] NOTICE  cufio-drv:720 running in compatible mode
 12-06-2024 03:36:08:338 [pid=8500 tid=8500] ERROR  0:140 unable to load,  libnuma.so.1.0.0 

 12-06-2024 03:36:08:338 [pid=8500 tid=8500] ERROR  0:91 dlopen error libnuma.so.1.0.0: cannot open shared object file: No such file or directory
 12-06-2024 03:57:04:313 [pid=21968 tid=21968] ERROR  0:140 unable to load,  liburcu-bp.so.6 

 12-06-2024 03:57:04:313 [pid=21968 tid=21968] ERROR  0:140 unable to load,  liburcu-bp.so.1 

 12-06-2024 03:57:04:313 [pid=21968 tid=21968] WARN   0:183 /dev/nvidia-fs0 open failed. error: No such file or directory
 12-06-2024 03:57:04:313 [pid=21968 tid=21968] NOTICE  cufio-drv:720 running in compatible mode
 12-06-2024 03:57:18:74 [pid=21968 tid=21968] ERROR  0:140 unable to load,  libnuma.so.1.0.0 

 12-06-2024 03:57:18:74 [pid=21968 tid=21968] ERROR  0:91 dlopen error libnuma.so.1.0.0: cannot open shared object file: No such file or directory
